2021/10/19 05:56:57 [notice] 1#1: using the "epoll" event method
2021/10/19 05:56:57 [notice] 1#1: nginx/1.21.3
2021/10/19 05:56:57 [notice] 1#1: built by gcc 8.3.0 (Debian 8.3.0-6) 
2021/10/19 05:56:57 [notice] 1#1: OS: Linux 4.4.0-1128-aws
2021/10/19 05:56:57 [notice] 1#1: getrlimit(RLIMIT_NOFILE): 1048576:1048576
2021/10/19 05:56:57 [notice] 1#1: start worker processes
2021/10/19 05:56:57 [notice] 1#1: start worker process 21
2021/10/19 05:56:57 [notice] 1#1: start worker process 22
2021/10/19 06:11:24 [notice] 1#1: signal 3 (SIGQUIT) received, shutting down
2021/10/19 06:11:24 [notice] 22#22: gracefully shutting down
2021/10/19 06:11:24 [notice] 21#21: gracefully shutting down
2021/10/19 06:11:24 [notice] 22#22: exiting
2021/10/19 06:11:24 [notice] 21#21: exiting
2021/10/19 06:11:24 [notice] 22#22: exit
2021/10/19 06:11:24 [notice] 21#21: exit
2021/10/19 06:11:24 [notice] 1#1: signal 17 (SIGCHLD) received from 21
2021/10/19 06:11:24 [notice] 1#1: worker process 21 exited with code 0
2021/10/19 06:11:24 [notice] 1#1: signal 29 (SIGIO) received
2021/10/19 06:11:24 [notice] 1#1: signal 17 (SIGCHLD) received from 22
2021/10/19 06:11:24 [notice] 1#1: worker process 22 exited with code 0
2021/10/19 06:11:24 [notice] 1#1: exit
